<?xml version="1.0" encoding="UTF-8"?>
<!-- Generated by org.testng.reporters.JUnitReportReporter -->
<testsuite skipped="0" hostname="del1-lhp-n65226" name="testsuite1.NewTest" tests="1" failures="0" timestamp="02 Aug 2019 11:29:51 GMT" time="0.016" errors="0">
  <testcase name="f" time="0.016" classname="testsuite1.NewTest"/>
</testsuite> <!-- testsuite1.NewTest -->
