<?xml version="1.0" encoding="UTF-8"?>
<!-- Generated by org.testng.reporters.JUnitReportReporter -->
<testsuite skipped="0" hostname="del1-lhp-n65226" name="testsuite.NewTest1" tests="1" failures="0" timestamp="02 Aug 2019 11:29:51 GMT" time="0.000" errors="0">
  <testcase name="f" time="0.000" classname="testsuite.NewTest1"/>
</testsuite> <!-- testsuite.NewTest1 -->
