<?xml version="1.0" encoding="UTF-8"?>
<!-- Generated by org.testng.reporters.JUnitReportReporter -->
<testsuite skipped="0" hostname="del1-lhp-n65226" name="automatedtesting.automatedtesting.annotest" tests="3" failures="0" timestamp="02 Aug 2019 09:52:40 GMT" time="28.680" errors="0">
  <testcase name="tc2" time="8.853" classname="automatedtesting.automatedtesting.annotest"/>
  <testcase name="tc1" time="11.556" classname="automatedtesting.automatedtesting.annotest"/>
  <testcase name="tc3" time="8.271" classname="automatedtesting.automatedtesting.annotest"/>
</testsuite> <!-- automatedtesting.automatedtesting.annotest -->
