<?xml version="1.0" encoding="UTF-8"?>
<!-- Generated by org.testng.reporters.JUnitReportReporter -->
<testsuite skipped="0" hostname="del1-lhp-n65226" name="automatedtesting.assignment_TestNG_Annotation" tests="3" failures="0" timestamp="08 Aug 2019 10:33:14 GMT" time="0.020" errors="0">
  <testcase name="tc2" time="0.012" classname="automatedtesting.assignment_TestNG_Annotation"/>
  <testcase name="tc3" time="0.004" classname="automatedtesting.assignment_TestNG_Annotation"/>
  <testcase name="tc1" time="0.004" classname="automatedtesting.assignment_TestNG_Annotation"/>
</testsuite> <!-- automatedtesting.assignment_TestNG_Annotation -->
