<?xml version="1.0" encoding="UTF-8"?>
<!-- Generated by org.testng.reporters.JUnitReportReporter -->
<testsuite skipped="0" hostname="del1-lhp-n65226" name="testfbpages.testNGfacebook" tests="2" failures="0" timestamp="06 Aug 2019 06:39:23 GMT" time="13.840" errors="0">
  <testcase name="testloginpage" time="0.046" classname="testfbpages.testNGfacebook"/>
  <testcase name="testhomepage" time="13.794" classname="testfbpages.testNGfacebook"/>
</testsuite> <!-- testfbpages.testNGfacebook -->
