<?xml version="1.0" encoding="UTF-8"?>
<!-- Generated by org.testng.reporters.JUnitReportReporter -->
<testsuite skipped="0" hostname="del1-lhp-n65226" name="automatedtesting.annotationtest" tests="3" failures="0" timestamp="02 Aug 2019 09:00:48 GMT" time="0.002" errors="0">
  <testcase name="tc1" time="0.002" classname="automatedtesting.annotationtest"/>
  <testcase name="tc3" time="0.000" classname="automatedtesting.annotationtest"/>
  <testcase name="tc2" time="0.000" classname="automatedtesting.annotationtest"/>
</testsuite> <!-- automatedtesting.annotationtest -->
