<?xml version="1.0" encoding="UTF-8"?>
<!-- Generated by org.testng.reporters.JUnitReportReporter -->
<testsuite skipped="0" hostname="del1-lhp-n65226" name="testfbpages.testNGfacebook2" tests="2" failures="0" timestamp="06 Aug 2019 07:15:33 GMT" time="7.929" errors="0">
  <testcase name="testloginpage" time="0.129" classname="testfbpages.testNGfacebook2"/>
  <testcase name="testhomepage" time="7.800" classname="testfbpages.testNGfacebook2"/>
</testsuite> <!-- testfbpages.testNGfacebook2 -->
