<?xml version="1.0" encoding="UTF-8"?>
<!-- Generated by org.testng.reporters.JUnitReportReporter -->
<testsuite skipped="0" hostname="del1-lhp-n65226" name="automatedtesting.alerttestng" tests="1" failures="0" timestamp="02 Aug 2019 05:44:57 GMT" time="8.469" errors="0">
  <testcase name="tc1" time="8.469" classname="automatedtesting.alerttestng"/>
</testsuite> <!-- automatedtesting.alerttestng -->
