<?xml version="1.0" encoding="UTF-8"?>
<!-- Generated by org.testng.reporters.JUnitReportReporter -->
<testsuite skipped="0" hostname="del1-lhp-n65226" name="jenkins_pkg.jenkinsfirst" tests="1" failures="0" timestamp="09 Aug 2019 06:58:03 GMT" time="0.005" errors="0">
  <testcase name="tc1" time="0.005" classname="jenkins_pkg.jenkinsfirst"/>
</testsuite> <!-- jenkins_pkg.jenkinsfirst -->
