<?xml version="1.0" encoding="UTF-8"?>
<!-- Generated by org.testng.reporters.JUnitReportReporter -->
<testsuite skipped="0" hostname="del1-lhp-n65226" name="seleniumgrid.gridHub" tests="1" failures="0" timestamp="08 Aug 2019 05:47:24 GMT" time="1.000" errors="0">
  <testcase name="test1" time="1.000" classname="seleniumgrid.gridHub"/>
</testsuite> <!-- seleniumgrid.gridHub -->
